* * * * * * * * * * * * * * * * * * * *
*                                     *
*     Developer:  Nicholas Marien     *
*     CSCI 362 Data Structures        *
*     March 2020                      *
*                                     *
* * * * * * * * * * * * * * * * * * * *


 2               1     2     
 a               3     
 add             5     
 an              1     4     7     
 be              1     2     
 convert         7     
 integer         1     4     7     
 is              3     4     
 print           6     
 result          6     7     
 set             1     2     
 thank           8     
 the             6     7     
 to              1     2     5     7     
 variable        1     3     
 x1              1     5     
 y2              2     3     4     5     
 yes             3     4     
 you             8     